<?xml version="1.0" encoding="UTF-8"?>
<testng-results ignored="0" total="1" passed="1" failed="0" skipped="0">
  <reporter-output>
  </reporter-output>
  <suite started-at="2025-08-09T23:28:09 IST" name="OrangeHRM Suite" finished-at="2025-08-09T23:29:09 IST" duration-ms="59409">
    <groups>
    </groups>
    <test started-at="2025-08-09T23:28:09 IST" name="OrangeHRM Tests" finished-at="2025-08-09T23:29:09 IST" duration-ms="59409">
      <class name="tests.OrangeHRMTest">
        <test-method is-config="true" signature="setUp()[pri:0, instance:tests.OrangeHRMTest@62ddbd7e]" started-at="2025-08-09T23:28:09 IST" name="setUp" finished-at="2025-08-09T23:28:24 IST" duration-ms="14674" status="PASS">
          <reporter-output>
          </reporter-output>
        </test-method> <!-- setUp -->
        <test-method signature="testAddAndVerifyEmployees()[pri:1, instance:tests.OrangeHRMTest@62ddbd7e]" started-at="2025-08-09T23:28:24 IST" name="testAddAndVerifyEmployees" finished-at="2025-08-09T23:29:08 IST" duration-ms="44069" status="PASS">
          <reporter-output>
          </reporter-output>
        </test-method> <!-- testAddAndVerifyEmployees -->
        <test-method is-config="true" signature="tearDown()[pri:0, instance:tests.OrangeHRMTest@62ddbd7e]" started-at="2025-08-09T23:29:08 IST" name="tearDown" finished-at="2025-08-09T23:29:09 IST" duration-ms="610" status="PASS">
          <reporter-output>
          </reporter-output>
        </test-method> <!-- tearDown -->
      </class> <!-- tests.OrangeHRMTest -->
    </test> <!-- OrangeHRM Tests -->
  </suite> <!-- OrangeHRM Suite -->
</testng-results>
